Release 14.7 - xst P.20131013 (nt64)
Copyright (c) 1995-2013 Xilinx, Inc.  All rights reserved.
--> Parameter TMPDIR set to xst/projnav.tmp


Total REAL time to Xst completion: 0.00 secs
Total CPU time to Xst completion: 0.09 secs
 
--> Parameter xsthdpdir set to xst


Total REAL time to Xst completion: 0.00 secs
Total CPU time to Xst completion: 0.09 secs
 
--> Reading design: data_to_byte.prj

TABLE OF CONTENTS
  1) Synthesis Options Summary
  2) HDL Parsing
  3) HDL Elaboration
  4) HDL Synthesis
       4.1) HDL Synthesis Report
  5) Advanced HDL Synthesis
       5.1) Advanced HDL Synthesis Report
  6) Low Level Synthesis
  7) Partition Report
  8) Design Summary
       8.1) Primitive and Black Box Usage
       8.2) Device utilization summary
       8.3) Partition Resource Summary
       8.4) Timing Report
            8.4.1) Clock Information
            8.4.2) Asynchronous Control Signals Information
            8.4.3) Timing Summary
            8.4.4) Timing Details
            8.4.5) Cross Clock Domains Report


=========================================================================
*                      Synthesis Options Summary                        *
=========================================================================
---- Source Parameters
Input File Name                    : "data_to_byte.prj"
Ignore Synthesis Constraint File   : NO

---- Target Parameters
Output File Name                   : "data_to_byte"
Output Format                      : NGC
Target Device                      : xc6slx9-2-tqg144

---- Source Options
Top Module Name                    : data_to_byte
Automatic FSM Extraction           : YES
FSM Encoding Algorithm             : Auto
Safe Implementation                : No
FSM Style                          : LUT
RAM Extraction                     : Yes
RAM Style                          : Auto
ROM Extraction                     : Yes
Shift Register Extraction          : YES
ROM Style                          : Auto
Resource Sharing                   : YES
Asynchronous To Synchronous        : NO
Shift Register Minimum Size        : 2
Use DSP Block                      : Auto
Automatic Register Balancing       : No

---- Target Options
LUT Combining                      : Auto
Reduce Control Sets                : Auto
Add IO Buffers                     : YES
Global Maximum Fanout              : 100000
Add Generic Clock Buffer(BUFG)     : 16
Register Duplication               : YES
Optimize Instantiated Primitives   : NO
Use Clock Enable                   : Auto
Use Synchronous Set                : Auto
Use Synchronous Reset              : Auto
Pack IO Registers into IOBs        : Auto
Equivalent register Removal        : YES

---- General Options
Optimization Goal                  : Speed
Optimization Effort                : 1
Power Reduction                    : NO
Keep Hierarchy                     : Soft
Netlist Hierarchy                  : As_Optimized
RTL Output                         : Yes
Global Optimization                : AllClockNets
Read Cores                         : YES
Write Timing Constraints           : NO
Cross Clock Analysis               : NO
Hierarchy Separator                : /
Bus Delimiter                      : <>
Case Specifier                     : Maintain
Slice Utilization Ratio            : 100
BRAM Utilization Ratio             : 100
DSP48 Utilization Ratio            : 100
Auto BRAM Packing                  : NO
Slice Utilization Ratio Delta      : 5

---- Other Options
Cores Search Directories           : {"ipcore_dir"  }

=========================================================================


=========================================================================
*                          HDL Parsing                                  *
=========================================================================
Analyzing Verilog file "D:\Documents\Electrical Engineering\Projects\Microphone Array\ISE\PosedgeOne_ftdi_afifo_loopback_950112\ise\ipcore_dir\data_fifo.v" into library work
Parsing module <data_fifo>.
Analyzing Verilog file "D:\Documents\Electrical Engineering\Projects\Microphone Array\ISE\PosedgeOne_ftdi_afifo_loopback_950112\ise\data_to_byte.v" into library work
Parsing module <data_to_byte>.

=========================================================================
*                            HDL Elaboration                            *
=========================================================================

Elaborating module <data_to_byte>.

Elaborating module <data_fifo>.
WARNING:HDLCompiler:1499 - "D:\Documents\Electrical Engineering\Projects\Microphone Array\ISE\PosedgeOne_ftdi_afifo_loopback_950112\ise\ipcore_dir\data_fifo.v" Line 39: Empty module <data_fifo> remains a black box.

=========================================================================
*                           HDL Synthesis                               *
=========================================================================

Synthesizing Unit <data_to_byte>.
    Related source file is "D:\Documents\Electrical Engineering\Projects\Microphone Array\ISE\PosedgeOne_ftdi_afifo_loopback_950112\ise\data_to_byte.v".
    Register <ftdi_wr_en> equivalent to <rd_en> has been removed
    Found 1-bit register for signal <rd_en>.
    Found 1-bit register for signal <wr_en>.
    Summary:
	inferred   2 D-type flip-flop(s).
Unit <data_to_byte> synthesized.

=========================================================================
HDL Synthesis Report

Macro Statistics
# Registers                                            : 2
 1-bit register                                        : 2

=========================================================================

=========================================================================
*                       Advanced HDL Synthesis                          *
=========================================================================

Reading core <ipcore_dir/data_fifo.ngc>.
Loading core <data_fifo> for timing and area information for instance <data_byte_uut>.

=========================================================================
Advanced HDL Synthesis Report

Macro Statistics
# Registers                                            : 2
 Flip-Flops                                            : 2

=========================================================================

=========================================================================
*                         Low Level Synthesis                           *
=========================================================================

Optimizing unit <data_to_byte> ...

Mapping all equations...
Building and optimizing final netlist ...
Found area constraint ratio of 100 (+ 5) on block data_to_byte, actual ratio is 1.
INFO:Xst:2260 - The FF/Latch <U0/xst_fifo_generator/gconvfifo.rf/grf.rf/gntv_or_sync_fifo.gl0.rd/gras.rsts/ram_empty_i> in Unit <data_byte_uut> is equivalent to the following FF/Latch : <U0/xst_fifo_generator/gconvfifo.rf/grf.rf/gntv_or_sync_fifo.gl0.rd/gras.rsts/ram_empty_fb_i> 
INFO:Xst:2260 - The FF/Latch <U0/xst_fifo_generator/gconvfifo.rf/grf.rf/gntv_or_sync_fifo.gl0.wr/gwas.wsts/ram_full_i> in Unit <data_byte_uut> is equivalent to the following FF/Latch : <U0/xst_fifo_generator/gconvfifo.rf/grf.rf/gntv_or_sync_fifo.gl0.wr/gwas.wsts/ram_full_fb_i> 
INFO:Xst:2260 - The FF/Latch <U0/xst_fifo_generator/gconvfifo.rf/grf.rf/gntv_or_sync_fifo.gl0.rd/gras.rsts/ram_empty_i> in Unit <data_byte_uut> is equivalent to the following FF/Latch : <U0/xst_fifo_generator/gconvfifo.rf/grf.rf/gntv_or_sync_fifo.gl0.rd/gras.rsts/ram_empty_fb_i> 
INFO:Xst:2260 - The FF/Latch <U0/xst_fifo_generator/gconvfifo.rf/grf.rf/gntv_or_sync_fifo.gl0.wr/gwas.wsts/ram_full_i> in Unit <data_byte_uut> is equivalent to the following FF/Latch : <U0/xst_fifo_generator/gconvfifo.rf/grf.rf/gntv_or_sync_fifo.gl0.wr/gwas.wsts/ram_full_fb_i> 

Final Macro Processing ...

=========================================================================
Final Register Report

Macro Statistics
# Registers                                            : 2
 Flip-Flops                                            : 2

=========================================================================

=========================================================================
*                           Partition Report                            *
=========================================================================

Partition Implementation Status
-------------------------------

  No Partitions were found in this design.

-------------------------------

=========================================================================
*                            Design Summary                             *
=========================================================================

Top Level Output File Name         : data_to_byte.ngc

Primitive and Black Box Usage:
------------------------------
# BELS                             : 173
#      GND                         : 2
#      INV                         : 3
#      LUT1                        : 21
#      LUT2                        : 35
#      LUT3                        : 6
#      LUT4                        : 23
#      LUT5                        : 4
#      LUT6                        : 10
#      MUXCY                       : 45
#      VCC                         : 1
#      XORCY                       : 23
# FlipFlops/Latches                : 151
#      FD                          : 95
#      FDE                         : 56
# RAMS                             : 4
#      RAMB16BWER                  : 4
# Clock Buffers                    : 2
#      BUFGP                       : 2
# IO Buffers                       : 74
#      IBUF                        : 65
#      OBUF                        : 9

Device utilization summary:
---------------------------

Selected Device : 6slx9tqg144-2 


Slice Logic Utilization: 
 Number of Slice Registers:             151  out of  11440     1%  
 Number of Slice LUTs:                  102  out of   5720     1%  
    Number used as Logic:               102  out of   5720     1%  

Slice Logic Distribution: 
 Number of LUT Flip Flop pairs used:    187
   Number with an unused Flip Flop:      36  out of    187    19%  
   Number with an unused LUT:            85  out of    187    45%  
   Number of fully used LUT-FF pairs:    66  out of    187    35%  
   Number of unique control sets:         7

IO Utilization: 
 Number of IOs:                          76
 Number of bonded IOBs:                  76  out of    102    74%  

Specific Feature Utilization:
 Number of Block RAM/FIFO:                4  out of     32    12%  
    Number using Block RAM only:          4
 Number of BUFG/BUFGCTRLs:                2  out of     16    12%  

---------------------------
Partition Resource Summary:
---------------------------

  No Partitions were found in this design.

---------------------------


=========================================================================
Timing Report

NOTE: THESE TIMING NUMBERS ARE ONLY A SYNTHESIS ESTIMATE.
      FOR ACCURATE TIMING INFORMATION PLEASE REFER TO THE TRACE REPORT
      GENERATED AFTER PLACE-and-ROUTE.

Clock Information:
------------------
-----------------------------------+------------------------+-------+
Clock Signal                       | Clock buffer(FF name)  | Load  |
-----------------------------------+------------------------+-------+
clk_pll                            | BUFGP                  | 77    |
wr_clk                             | BUFGP                  | 82    |
-----------------------------------+------------------------+-------+

Asynchronous Control Signals Information:
----------------------------------------
No asynchronous control signals found in this design

Timing Summary:
---------------
Speed Grade: -2

   Minimum period: 3.415ns (Maximum Frequency: 292.826MHz)
   Minimum input arrival time before clock: 2.338ns
   Maximum output required time after clock: 5.693ns
   Maximum combinational path delay: No path found

Timing Details:
---------------
All values displayed in nanoseconds (ns)

=========================================================================
Timing constraint: Default period analysis for Clock 'clk_pll'
  Clock period: 3.415ns (frequency: 292.826MHz)
  Total number of paths / destination ports: 403 / 144
-------------------------------------------------------------------------
Delay:               3.415ns (Levels of Logic = 7)
  Source:            data_byte_uut/U0/xst_fifo_generator/gconvfifo.rf/grf.rf/gntv_or_sync_fifo.gcx.clkx/wr_pntr_bin_1 (FF)
  Destination:       data_byte_uut/U0/xst_fifo_generator/gconvfifo.rf/grf.rf/gntv_or_sync_fifo.gl0.rd/gras.rsts/ram_empty_i (FF)
  Source Clock:      clk_pll rising
  Destination Clock: clk_pll rising

  Data Path: data_byte_uut/U0/xst_fifo_generator/gconvfifo.rf/grf.rf/gntv_or_sync_fifo.gcx.clkx/wr_pntr_bin_1 to data_byte_uut/U0/xst_fifo_generator/gconvfifo.rf/grf.rf/gntv_or_sync_fifo.gl0.rd/gras.rsts/ram_empty_i
                                Gate     Net
    Cell:in->out      fanout   Delay   Delay  Logical Name (Net Name)
    ----------------------------------------  ------------
     FD:C->Q               2   0.525   1.002  U0/xst_fifo_generator/gconvfifo.rf/grf.rf/gntv_or_sync_fifo.gcx.clkx/wr_pntr_bin_1 (U0/xst_fifo_generator/gconvfifo.rf/grf.rf/gntv_or_sync_fifo.gcx.clkx/wr_pntr_bin<1>)
     LUT4:I0->O            1   0.254   0.000  U0/xst_fifo_generator/gconvfifo.rf/grf.rf/gntv_or_sync_fifo.gl0.rd/gras.rsts/c1/v1<2>1 (U0/xst_fifo_generator/gconvfifo.rf/grf.rf/gntv_or_sync_fifo.gl0.rd/gras.rsts/c1/v1<2>)
     MUXCY:S->O            1   0.215   0.000  U0/xst_fifo_generator/gconvfifo.rf/grf.rf/gntv_or_sync_fifo.gl0.rd/gras.rsts/c1/gmux.gm[2].gms.ms (U0/xst_fifo_generator/gconvfifo.rf/grf.rf/gntv_or_sync_fifo.gl0.rd/gras.rsts/c1/gmux.carrynet<2>)
     MUXCY:CI->O           1   0.023   0.000  U0/xst_fifo_generator/gconvfifo.rf/grf.rf/gntv_or_sync_fifo.gl0.rd/gras.rsts/c1/gmux.gm[3].gms.ms (U0/xst_fifo_generator/gconvfifo.rf/grf.rf/gntv_or_sync_fifo.gl0.rd/gras.rsts/c1/gmux.carrynet<3>)
     MUXCY:CI->O           1   0.023   0.000  U0/xst_fifo_generator/gconvfifo.rf/grf.rf/gntv_or_sync_fifo.gl0.rd/gras.rsts/c1/gmux.gm[4].gms.ms (U0/xst_fifo_generator/gconvfifo.rf/grf.rf/gntv_or_sync_fifo.gl0.rd/gras.rsts/c1/gmux.carrynet<4>)
     MUXCY:CI->O           1   0.023   0.000  U0/xst_fifo_generator/gconvfifo.rf/grf.rf/gntv_or_sync_fifo.gl0.rd/gras.rsts/c1/gmux.gm[5].gms.ms (U0/xst_fifo_generator/gconvfifo.rf/grf.rf/gntv_or_sync_fifo.gl0.rd/gras.rsts/c1/gmux.carrynet<5>)
     MUXCY:CI->O           1   0.235   0.790  U0/xst_fifo_generator/gconvfifo.rf/grf.rf/gntv_or_sync_fifo.gl0.rd/gras.rsts/c1/gmux.gm[6].gms.ms (U0/xst_fifo_generator/gconvfifo.rf/grf.rf/gntv_or_sync_fifo.gl0.rd/gras.rsts/comp1)
     LUT4:I2->O            2   0.250   0.000  U0/xst_fifo_generator/gconvfifo.rf/grf.rf/gntv_or_sync_fifo.gl0.rd/gras.rsts/comp0_comp1_OR_6_o1 (U0/xst_fifo_generator/gconvfifo.rf/grf.rf/gntv_or_sync_fifo.gl0.rd/gras.rsts/comp0_comp1_OR_6_o)
     FD:D                      0.074          U0/xst_fifo_generator/gconvfifo.rf/grf.rf/gntv_or_sync_fifo.gl0.rd/gras.rsts/ram_empty_fb_i
    ----------------------------------------
    Total                      3.415ns (1.623ns logic, 1.792ns route)
                                       (47.5% logic, 52.5% route)

=========================================================================
Timing constraint: Default period analysis for Clock 'wr_clk'
  Clock period: 3.415ns (frequency: 292.826MHz)
  Total number of paths / destination ports: 334 / 155
-------------------------------------------------------------------------
Delay:               3.415ns (Levels of Logic = 7)
  Source:            data_byte_uut/U0/xst_fifo_generator/gconvfifo.rf/grf.rf/gntv_or_sync_fifo.gcx.clkx/rd_pntr_bin_4 (FF)
  Destination:       data_byte_uut/U0/xst_fifo_generator/gconvfifo.rf/grf.rf/gntv_or_sync_fifo.gl0.wr/gwas.wsts/ram_full_i (FF)
  Source Clock:      wr_clk rising
  Destination Clock: wr_clk rising

  Data Path: data_byte_uut/U0/xst_fifo_generator/gconvfifo.rf/grf.rf/gntv_or_sync_fifo.gcx.clkx/rd_pntr_bin_4 to data_byte_uut/U0/xst_fifo_generator/gconvfifo.rf/grf.rf/gntv_or_sync_fifo.gl0.wr/gwas.wsts/ram_full_i
                                Gate     Net
    Cell:in->out      fanout   Delay   Delay  Logical Name (Net Name)
    ----------------------------------------  ------------
     FD:C->Q               2   0.525   1.002  U0/xst_fifo_generator/gconvfifo.rf/grf.rf/gntv_or_sync_fifo.gcx.clkx/rd_pntr_bin_4 (U0/xst_fifo_generator/gconvfifo.rf/grf.rf/gntv_or_sync_fifo.gcx.clkx/rd_pntr_bin<4>)
     LUT4:I0->O            1   0.254   0.000  U0/xst_fifo_generator/gconvfifo.rf/grf.rf/gntv_or_sync_fifo.gl0.wr/gwas.wsts/c2/v1<0>1 (U0/xst_fifo_generator/gconvfifo.rf/grf.rf/gntv_or_sync_fifo.gl0.wr/gwas.wsts/c2/v1<0>)
     MUXCY:S->O            1   0.215   0.000  U0/xst_fifo_generator/gconvfifo.rf/grf.rf/gntv_or_sync_fifo.gl0.wr/gwas.wsts/c2/gmux.gm[0].gm1.m1 (U0/xst_fifo_generator/gconvfifo.rf/grf.rf/gntv_or_sync_fifo.gl0.wr/gwas.wsts/c2/gmux.carrynet<0>)
     MUXCY:CI->O           1   0.023   0.000  U0/xst_fifo_generator/gconvfifo.rf/grf.rf/gntv_or_sync_fifo.gl0.wr/gwas.wsts/c2/gmux.gm[1].gms.ms (U0/xst_fifo_generator/gconvfifo.rf/grf.rf/gntv_or_sync_fifo.gl0.wr/gwas.wsts/c2/gmux.carrynet<1>)
     MUXCY:CI->O           1   0.023   0.000  U0/xst_fifo_generator/gconvfifo.rf/grf.rf/gntv_or_sync_fifo.gl0.wr/gwas.wsts/c2/gmux.gm[2].gms.ms (U0/xst_fifo_generator/gconvfifo.rf/grf.rf/gntv_or_sync_fifo.gl0.wr/gwas.wsts/c2/gmux.carrynet<2>)
     MUXCY:CI->O           1   0.023   0.000  U0/xst_fifo_generator/gconvfifo.rf/grf.rf/gntv_or_sync_fifo.gl0.wr/gwas.wsts/c2/gmux.gm[3].gms.ms (U0/xst_fifo_generator/gconvfifo.rf/grf.rf/gntv_or_sync_fifo.gl0.wr/gwas.wsts/c2/gmux.carrynet<3>)
     MUXCY:CI->O           1   0.235   0.790  U0/xst_fifo_generator/gconvfifo.rf/grf.rf/gntv_or_sync_fifo.gl0.wr/gwas.wsts/c2/gmux.gm[4].gms.ms (U0/xst_fifo_generator/gconvfifo.rf/grf.rf/gntv_or_sync_fifo.gl0.wr/gwas.wsts/comp2)
     LUT4:I2->O            2   0.250   0.000  U0/xst_fifo_generator/gconvfifo.rf/grf.rf/gntv_or_sync_fifo.gl0.wr/gwas.wsts/comp1_comp2_OR_8_o1 (U0/xst_fifo_generator/gconvfifo.rf/grf.rf/gntv_or_sync_fifo.gl0.wr/gwas.wsts/comp1_comp2_OR_8_o)
     FD:D                      0.074          U0/xst_fifo_generator/gconvfifo.rf/grf.rf/gntv_or_sync_fifo.gl0.wr/gwas.wsts/ram_full_fb_i
    ----------------------------------------
    Total                      3.415ns (1.623ns logic, 1.792ns route)
                                       (47.5% logic, 52.5% route)

=========================================================================
Timing constraint: Default OFFSET IN BEFORE for Clock 'wr_clk'
  Total number of paths / destination ports: 64 / 64
-------------------------------------------------------------------------
Offset:              2.309ns (Levels of Logic = 2)
  Source:            fifo_din<1> (PAD)
  Destination:       data_byte_uut/U0/xst_fifo_generator/gconvfifo.rf/grf.rf/gntv_or_sync_fifo.mem/gbm.gbmg.gbmga.ngecc.bmg/gnativebmg.native_blk_mem_gen/valid.cstr/ramloop[0].ram.r/s6_noinit.ram/SDP.SIMPLE_PRIM18.ram (RAM)
  Destination Clock: wr_clk rising

  Data Path: fifo_din<1> to data_byte_uut/U0/xst_fifo_generator/gconvfifo.rf/grf.rf/gntv_or_sync_fifo.mem/gbm.gbmg.gbmga.ngecc.bmg/gnativebmg.native_blk_mem_gen/valid.cstr/ramloop[0].ram.r/s6_noinit.ram/SDP.SIMPLE_PRIM18.ram
                                Gate     Net
    Cell:in->out      fanout   Delay   Delay  Logical Name (Net Name)
    ----------------------------------------  ------------
     IBUF:I->O             1   1.328   0.681  fifo_din_1_IBUF (fifo_din_1_IBUF)
     begin scope: 'data_byte_uut:din<1>'
     begin scope: 'data_byte_uut/U0/xst_fifo_generator/gconvfifo.rf/grf.rf/gntv_or_sync_fifo.mem/gbm.gbmg.gbmga.ngecc.bmg/gnativebmg.native_blk_mem_gen/valid.cstr:DINA<57>'
     RAMB16BWER:DIA15          0.300          ramloop[0].ram.r/s6_noinit.ram/SDP.SIMPLE_PRIM18.ram
    ----------------------------------------
    Total                      2.309ns (1.628ns logic, 0.681ns route)
                                       (70.5% logic, 29.5% route)

=========================================================================
Timing constraint: Default OFFSET IN BEFORE for Clock 'clk_pll'
  Total number of paths / destination ports: 1 / 1
-------------------------------------------------------------------------
Offset:              2.338ns (Levels of Logic = 2)
  Source:            ftdi_full (PAD)
  Destination:       rd_en (FF)
  Destination Clock: clk_pll rising

  Data Path: ftdi_full to rd_en
                                Gate     Net
    Cell:in->out      fanout   Delay   Delay  Logical Name (Net Name)
    ----------------------------------------  ------------
     IBUF:I->O             1   1.328   0.682  ftdi_full_IBUF (ftdi_full_IBUF)
     LUT2:I1->O            1   0.254   0.000  rd_en_rstpot1 (rd_en_rstpot)
     FD:D                      0.074          rd_en
    ----------------------------------------
    Total                      2.338ns (1.656ns logic, 0.682ns route)
                                       (70.8% logic, 29.2% route)

=========================================================================
Timing constraint: Default OFFSET OUT AFTER for Clock 'clk_pll'
  Total number of paths / destination ports: 9 / 9
-------------------------------------------------------------------------
Offset:              5.693ns (Levels of Logic = 2)
  Source:            data_byte_uut/U0/xst_fifo_generator/gconvfifo.rf/grf.rf/gntv_or_sync_fifo.mem/gbm.gbmg.gbmga.ngecc.bmg/gnativebmg.native_blk_mem_gen/valid.cstr/ramloop[3].ram.r/s6_noinit.ram/SDP.SIMPLE_PRIM18.ram (RAM)
  Destination:       ftdi_data<7> (PAD)
  Source Clock:      clk_pll rising

  Data Path: data_byte_uut/U0/xst_fifo_generator/gconvfifo.rf/grf.rf/gntv_or_sync_fifo.mem/gbm.gbmg.gbmga.ngecc.bmg/gnativebmg.native_blk_mem_gen/valid.cstr/ramloop[3].ram.r/s6_noinit.ram/SDP.SIMPLE_PRIM18.ram to ftdi_data<7>
                                Gate     Net
    Cell:in->out      fanout   Delay   Delay  Logical Name (Net Name)
    ----------------------------------------  ------------
     RAMB16BWER:CLKB->DOB1    1   2.100   0.681  ramloop[3].ram.r/s6_noinit.ram/SDP.SIMPLE_PRIM18.ram (DOUTB<7>)
     end scope: 'data_byte_uut/U0/xst_fifo_generator/gconvfifo.rf/grf.rf/gntv_or_sync_fifo.mem/gbm.gbmg.gbmga.ngecc.bmg/gnativebmg.native_blk_mem_gen/valid.cstr:DOUTB<7>'
     end scope: 'data_byte_uut:dout<7>'
     OBUF:I->O                 2.912          ftdi_data_7_OBUF (ftdi_data<7>)
    ----------------------------------------
    Total                      5.693ns (5.012ns logic, 0.681ns route)
                                       (88.0% logic, 12.0% route)

=========================================================================

Cross Clock Domains Report:
--------------------------

Clock to Setup on destination clock clk_pll
---------------+---------+---------+---------+---------+
               | Src:Rise| Src:Fall| Src:Rise| Src:Fall|
Source Clock   |Dest:Rise|Dest:Rise|Dest:Fall|Dest:Fall|
---------------+---------+---------+---------+---------+
clk_pll        |    3.415|         |         |         |
wr_clk         |    2.216|         |         |         |
---------------+---------+---------+---------+---------+

Clock to Setup on destination clock wr_clk
---------------+---------+---------+---------+---------+
               | Src:Rise| Src:Fall| Src:Rise| Src:Fall|
Source Clock   |Dest:Rise|Dest:Rise|Dest:Fall|Dest:Fall|
---------------+---------+---------+---------+---------+
clk_pll        |    3.274|         |         |         |
wr_clk         |    3.415|         |         |         |
---------------+---------+---------+---------+---------+

=========================================================================


Total REAL time to Xst completion: 7.00 secs
Total CPU time to Xst completion: 6.61 secs
 
--> 

Total memory usage is 221680 kilobytes

Number of errors   :    0 (   0 filtered)
Number of warnings :    1 (   0 filtered)
Number of infos    :    4 (   0 filtered)

